<?xml version="1.0" encoding="utf-8"?><testsuites name="pytest tests"><testsuite name="pytest" errors="2" failures="0" skipped="0" tests="2" time="3.976" timestamp="2026-08-15T12:02:54.105110+05:30" hostname="DESKTOP-SRID98L"><testcase classname="" name="tests.integration.test_comprehensive_service_interactions" time="0.000"><error message="collection failure">C:\Users\ADMIN\AppData\Local\Packages\PythonSoftwareFoundation.Python.3.13_qbz5n2kfra8p0\LocalCache\local-packages\Python313\site-packages\_pytest\python.py:508: in importtestmodule
    mod = import_path(
C:\Users\ADMIN\AppData\Local\Packages\PythonSoftwareFoundation.Python.3.13_qbz5n2kfra8p0\LocalCache\local-packages\Python313\site-packages\_pytest\pathlib.py:596: in import_path
    importlib.import_module(module_name)
C:\Program Files\WindowsApps\PythonSoftwareFoundation.Python.3.13_3.13.3824.0_x64__qbz5n2kfra8p0\Lib\importlib\__init__.py:88: in import_module
    return _bootstrap._gcd_import(name[level:], package, level)
           ^^^^^^^^^^^^^^^^^^^^^^^^^^^^^^^^^^^^^^^^^^^^^^^^^^^^
&lt;frozen importlib._bootstrap&gt;:1395: in _gcd_import
    ???
&lt;frozen importlib._bootstrap&gt;:1360: in _find_and_load
    ???
&lt;frozen importlib._bootstrap&gt;:1331: in _find_and_load_unlocked
    ???
&lt;frozen importlib._bootstrap&gt;:935: in _load_unlocked
    ???
C:\Users\ADMIN\AppData\Local\Packages\PythonSoftwareFoundation.Python.3.13_qbz5n2kfra8p0\LocalCache\local-packages\Python313\site-packages\_pytest\assertion\rewrite.py:179: in exec_module
    source_stat, co = _rewrite_test(fn, self.config)
                      ^^^^^^^^^^^^^^^^^^^^^^^^^^^^^^
C:\Users\ADMIN\AppData\Local\Packages\PythonSoftwareFoundation.Python.3.13_qbz5n2kfra8p0\LocalCache\local-packages\Python313\site-packages\_pytest\assertion\rewrite.py:348: in _rewrite_test
    tree = ast.parse(source, filename=strfn)
           ^^^^^^^^^^^^^^^^^^^^^^^^^^^^^^^^^
C:\Program Files\WindowsApps\PythonSoftwareFoundation.Python.3.13_3.13.3824.0_x64__qbz5n2kfra8p0\Lib\ast.py:50: in parse
    return compile(source, filename, mode, flags,
E     File "C:\Users\ADMIN\Documents\Development\web\edu-flow\backend\tests\integration\test_comprehensive_service_interactions.py", line 109
E       teacher1 = asyncio.run(teacher_service.create_teacher(teacher1_data))
E   IndentationError: unexpected indent</error></testcase><testcase classname="" name="tests.integration.test_migration_system" time="0.000"><error message="collection failure">ImportError while importing test module 'C:\Users\ADMIN\Documents\Development\web\edu-flow\backend\tests\integration\test_migration_system.py'.
Hint: make sure your test modules/packages have valid Python names.
Traceback:
C:\Program Files\WindowsApps\PythonSoftwareFoundation.Python.3.13_3.13.3824.0_x64__qbz5n2kfra8p0\Lib\importlib\__init__.py:88: in import_module
    return _bootstrap._gcd_import(name[level:], package, level)
           ^^^^^^^^^^^^^^^^^^^^^^^^^^^^^^^^^^^^^^^^^^^^^^^^^^^^
tests\integration\test_migration_system.py:22: in &lt;module&gt;
    from src.core.database_migrations import (
E   ImportError: cannot import name 'MigrationResult' from 'src.core.database_migrations' (C:\Users\ADMIN\Documents\Development\web\edu-flow\backend\src\core\database_migrations.py)</error></testcase></testsuite></testsuites>