<?xml version="1.0" encoding="utf-8"?><testsuites name="pytest tests"><testsuite name="pytest" errors="1" failures="0" skipped="0" tests="1" time="10.093" timestamp="2026-08-14T12:06:53.351027+05:30" hostname="DESKTOP-SRID98L"><testcase classname="" name="tests.unit.test_user_service_unit" time="0.000"><error message="collection failure">ImportError while importing test module 'C:\Users\ADMIN\Documents\Development\web\edu-flow\backend\tests\unit\test_user_service_unit.py'.
Hint: make sure your test modules/packages have valid Python names.
Traceback:
C:\Program Files\WindowsApps\PythonSoftwareFoundation.Python.3.13_3.13.3824.0_x64__qbz5n2kfra8p0\Lib\importlib\__init__.py:88: in import_module
    return _bootstrap._gcd_import(name[level:], package, level)
           ^^^^^^^^^^^^^^^^^^^^^^^^^^^^^^^^^^^^^^^^^^^^^^^^^^^^
tests\unit\test_user_service_unit.py:17: in &lt;module&gt;
    from src.infrastructure.services.user_service import UserService
E   ModuleNotFoundError: No module named 'src.infrastructure.services.user_service'</error></testcase></testsuite></testsuites>