<?xml version="1.0" encoding="utf-8"?><testsuites name="pytest tests"><testsuite name="pytest" errors="0" failures="1" skipped="0" tests="7" time="11.047" timestamp="2026-08-14T12:07:05.128820+05:30" hostname="DESKTOP-SRID98L"><testcase classname="tests.integration.test_auth_integration.TestAuthenticationIntegration" name="test_user_registration_endpoint" time="1.234" /><testcase classname="tests.integration.test_auth_integration.TestAuthenticationIntegration" name="test_user_login_endpoint" time="1.597" /><testcase classname="tests.integration.test_auth_integration.TestSecurityCompliance" name="test_cors_headers" time="0.007" /><testcase classname="tests.integration.test_auth_integration.TestSecurityCompliance" name="test_rate_limiting" time="2.612" /><testcase classname="tests.integration.test_auth_integration.TestSecurityCompliance" name="test_input_sanitization" time="1.048" /><testcase classname="tests.integration.test_auth_integration.TestSecurityCompliance" name="test_security_headers" time="0.526" /><testcase classname="tests.integration.test_complete_system_integration.TestCompleteSystemIntegration" name="test_complete_student_lifecycle" time="0.008"><failure message="AttributeError: 'coroutine' object has no attribute 'create'">tests\integration\test_complete_system_integration.py:61: in test_complete_student_lifecycle
    department = await department_service.create(dept_data)
                       ^^^^^^^^^^^^^^^^^^^^^^^^^
E   AttributeError: 'coroutine' object has no attribute 'create'</failure></testcase></testsuite></testsuites>