<?xml version="1.0" encoding="utf-8"?><testsuites name="pytest tests"><testsuite name="pytest" errors="26" failures="0" skipped="0" tests="26" time="6.256" timestamp="2026-08-15T10:28:32.630921+05:30" hostname="DESKTOP-SRID98L"><testcase classname="" name="tests.integration.api.test_api_integration_simple" time="0.000"><error message="collection failure">tests\integration\api\test_api_integration_simple.py:9: in &lt;module&gt;
    from src.main import app
src\main.py:36: in &lt;module&gt;
    from src.core.security import auth_service
src\core\security.py:47: in &lt;module&gt;
    class SecurityConfig:
src\core\security.py:52: in SecurityConfig
    "clientId": settings.CLIENT_ID,
                ^^^^^^^^^^^^^^^^^^
C:\Users\ADMIN\AppData\Local\Packages\PythonSoftwareFoundation.Python.3.13_qbz5n2kfra8p0\LocalCache\local-packages\Python313\site-packages\pydantic\main.py:1042: in __getattr__
    raise AttributeError(f'{type(self).__name__!r} object has no attribute {item!r}')
E   AttributeError: 'Settings' object has no attribute 'CLIENT_ID'</error></testcase><testcase classname="" name="tests.integration.test_api_complete" time="0.000"><error message="collection failure">tests\integration\test_api_complete.py:15: in &lt;module&gt;
    from src.api.v1 import app, get_db
src\api\v1\__init__.py:23: in &lt;module&gt;
    from ...core.security import SecurityConfig
src\core\security.py:47: in &lt;module&gt;
    class SecurityConfig:
src\core\security.py:52: in SecurityConfig
    "clientId": settings.CLIENT_ID,
                ^^^^^^^^^^^^^^^^^^
C:\Users\ADMIN\AppData\Local\Packages\PythonSoftwareFoundation.Python.3.13_qbz5n2kfra8p0\LocalCache\local-packages\Python313\site-packages\pydantic\main.py:1042: in __getattr__
    raise AttributeError(f'{type(self).__name__!r} object has no attribute {item!r}')
E   AttributeError: 'Settings' object has no attribute 'CLIENT_ID'</error></testcase><testcase classname="" name="tests.integration.test_api_integration" time="0.000"><error message="collection failure">ImportError while importing test module 'C:\Users\ADMIN\Documents\Development\web\edu-flow\backend\tests\integration\test_api_integration.py'.
Hint: make sure your test modules/packages have valid Python names.
Traceback:
C:\Program Files\WindowsApps\PythonSoftwareFoundation.Python.3.13_3.13.3824.0_x64__qbz5n2kfra8p0\Lib\importlib\__init__.py:88: in import_module
    return _bootstrap._gcd_import(name[level:], package, level)
           ^^^^^^^^^^^^^^^^^^^^^^^^^^^^^^^^^^^^^^^^^^^^^^^^^^^^
tests\integration\test_api_integration.py:19: in &lt;module&gt;
    from ...src.api.v1 import app
E   ImportError: attempted relative import with no known parent package</error></testcase><testcase classname="" name="tests.integration.test_auth_integration" time="0.000"><error message="collection failure">tests\integration\test_auth_integration.py:11: in &lt;module&gt;
    from src.main import app, auth_service
src\main.py:36: in &lt;module&gt;
    from src.core.security import auth_service
src\core\security.py:47: in &lt;module&gt;
    class SecurityConfig:
src\core\security.py:52: in SecurityConfig
    "clientId": settings.CLIENT_ID,
                ^^^^^^^^^^^^^^^^^^
C:\Users\ADMIN\AppData\Local\Packages\PythonSoftwareFoundation.Python.3.13_qbz5n2kfra8p0\LocalCache\local-packages\Python313\site-packages\pydantic\main.py:1042: in __getattr__
    raise AttributeError(f'{type(self).__name__!r} object has no attribute {item!r}')
E   AttributeError: 'Settings' object has no attribute 'CLIENT_ID'</error></testcase><testcase classname="" name="tests.integration.test_comprehensive_service_interactions" time="0.000"><error message="collection failure">C:\Users\ADMIN\AppData\Local\Packages\PythonSoftwareFoundation.Python.3.13_qbz5n2kfra8p0\LocalCache\local-packages\Python313\site-packages\_pytest\python.py:508: in importtestmodule
    mod = import_path(
C:\Users\ADMIN\AppData\Local\Packages\PythonSoftwareFoundation.Python.3.13_qbz5n2kfra8p0\LocalCache\local-packages\Python313\site-packages\_pytest\pathlib.py:596: in import_path
    importlib.import_module(module_name)
C:\Program Files\WindowsApps\PythonSoftwareFoundation.Python.3.13_3.13.3824.0_x64__qbz5n2kfra8p0\Lib\importlib\__init__.py:88: in import_module
    return _bootstrap._gcd_import(name[level:], package, level)
           ^^^^^^^^^^^^^^^^^^^^^^^^^^^^^^^^^^^^^^^^^^^^^^^^^^^^
&lt;frozen importlib._bootstrap&gt;:1395: in _gcd_import
    ???
&lt;frozen importlib._bootstrap&gt;:1360: in _find_and_load
    ???
&lt;frozen importlib._bootstrap&gt;:1331: in _find_and_load_unlocked
    ???
&lt;frozen importlib._bootstrap&gt;:935: in _load_unlocked
    ???
C:\Users\ADMIN\AppData\Local\Packages\PythonSoftwareFoundation.Python.3.13_qbz5n2kfra8p0\LocalCache\local-packages\Python313\site-packages\_pytest\assertion\rewrite.py:179: in exec_module
    source_stat, co = _rewrite_test(fn, self.config)
                      ^^^^^^^^^^^^^^^^^^^^^^^^^^^^^^
C:\Users\ADMIN\AppData\Local\Packages\PythonSoftwareFoundation.Python.3.13_qbz5n2kfra8p0\LocalCache\local-packages\Python313\site-packages\_pytest\assertion\rewrite.py:348: in _rewrite_test
    tree = ast.parse(source, filename=strfn)
           ^^^^^^^^^^^^^^^^^^^^^^^^^^^^^^^^^
C:\Program Files\WindowsApps\PythonSoftwareFoundation.Python.3.13_3.13.3824.0_x64__qbz5n2kfra8p0\Lib\ast.py:50: in parse
    return compile(source, filename, mode, flags,
E     File "C:\Users\ADMIN\Documents\Development\web\edu-flow\backend\tests\integration\test_comprehensive_service_interactions.py", line 71
E       dept1_data = {
E   IndentationError: unexpected indent</error></testcase><testcase classname="" name="tests.integration.test_courses" time="0.000"><error message="collection failure">tests\integration\test_courses.py:15: in &lt;module&gt;
    from src.services.course_service import CourseService
src\services\course_service.py:16: in &lt;module&gt;
    from src.core.security import auth_service
src\core\security.py:47: in &lt;module&gt;
    class SecurityConfig:
src\core\security.py:52: in SecurityConfig
    "clientId": settings.CLIENT_ID,
                ^^^^^^^^^^^^^^^^^^
C:\Users\ADMIN\AppData\Local\Packages\PythonSoftwareFoundation.Python.3.13_qbz5n2kfra8p0\LocalCache\local-packages\Python313\site-packages\pydantic\main.py:1042: in __getattr__
    raise AttributeError(f'{type(self).__name__!r} object has no attribute {item!r}')
E   AttributeError: 'Settings' object has no attribute 'CLIENT_ID'</error></testcase><testcase classname="" name="tests.integration.test_migration_system" time="0.000"><error message="collection failure">ImportError while importing test module 'C:\Users\ADMIN\Documents\Development\web\edu-flow\backend\tests\integration\test_migration_system.py'.
Hint: make sure your test modules/packages have valid Python names.
Traceback:
C:\Program Files\WindowsApps\PythonSoftwareFoundation.Python.3.13_3.13.3824.0_x64__qbz5n2kfra8p0\Lib\importlib\__init__.py:88: in import_module
    return _bootstrap._gcd_import(name[level:], package, level)
           ^^^^^^^^^^^^^^^^^^^^^^^^^^^^^^^^^^^^^^^^^^^^^^^^^^^^
tests\integration\test_migration_system.py:22: in &lt;module&gt;
    from src.core.database_migrations import (
E   ImportError: cannot import name 'MigrationResult' from 'src.core.database_migrations' (C:\Users\ADMIN\Documents\Development\web\edu-flow\backend\src\core\database_migrations.py)</error></testcase><testcase classname="" name="tests.integration.test_student_api" time="0.000"><error message="collection failure">tests\integration\test_student_api.py:24: in &lt;module&gt;
    from src.main import app
src\main.py:36: in &lt;module&gt;
    from src.core.security import auth_service
src\core\security.py:47: in &lt;module&gt;
    class SecurityConfig:
src\core\security.py:52: in SecurityConfig
    "clientId": settings.CLIENT_ID,
                ^^^^^^^^^^^^^^^^^^
C:\Users\ADMIN\AppData\Local\Packages\PythonSoftwareFoundation.Python.3.13_qbz5n2kfra8p0\LocalCache\local-packages\Python313\site-packages\pydantic\main.py:1042: in __getattr__
    raise AttributeError(f'{type(self).__name__!r} object has no attribute {item!r}')
E   AttributeError: 'Settings' object has no attribute 'CLIENT_ID'</error></testcase><testcase classname="" name="tests.performance.test_database_performance" time="0.000"><error message="collection failure">C:\Users\ADMIN\AppData\Local\Packages\PythonSoftwareFoundation.Python.3.13_qbz5n2kfra8p0\LocalCache\local-packages\Python313\site-packages\_pytest\python.py:508: in importtestmodule
    mod = import_path(
C:\Users\ADMIN\AppData\Local\Packages\PythonSoftwareFoundation.Python.3.13_qbz5n2kfra8p0\LocalCache\local-packages\Python313\site-packages\_pytest\pathlib.py:596: in import_path
    importlib.import_module(module_name)
C:\Program Files\WindowsApps\PythonSoftwareFoundation.Python.3.13_3.13.3824.0_x64__qbz5n2kfra8p0\Lib\importlib\__init__.py:88: in import_module
    return _bootstrap._gcd_import(name[level:], package, level)
           ^^^^^^^^^^^^^^^^^^^^^^^^^^^^^^^^^^^^^^^^^^^^^^^^^^^^
&lt;frozen importlib._bootstrap&gt;:1395: in _gcd_import
    ???
&lt;frozen importlib._bootstrap&gt;:1360: in _find_and_load
    ???
&lt;frozen importlib._bootstrap&gt;:1331: in _find_and_load_unlocked
    ???
&lt;frozen importlib._bootstrap&gt;:935: in _load_unlocked
    ???
C:\Users\ADMIN\AppData\Local\Packages\PythonSoftwareFoundation.Python.3.13_qbz5n2kfra8p0\LocalCache\local-packages\Python313\site-packages\_pytest\assertion\rewrite.py:179: in exec_module
    source_stat, co = _rewrite_test(fn, self.config)
                      ^^^^^^^^^^^^^^^^^^^^^^^^^^^^^^
C:\Users\ADMIN\AppData\Local\Packages\PythonSoftwareFoundation.Python.3.13_qbz5n2kfra8p0\LocalCache\local-packages\Python313\site-packages\_pytest\assertion\rewrite.py:348: in _rewrite_test
    tree = ast.parse(source, filename=strfn)
           ^^^^^^^^^^^^^^^^^^^^^^^^^^^^^^^^^
C:\Program Files\WindowsApps\PythonSoftwareFoundation.Python.3.13_3.13.3824.0_x64__qbz5n2kfra8p0\Lib\ast.py:50: in parse
    return compile(source, filename, mode, flags,
E     File "C:\Users\ADMIN\Documents\Development\web\edu-flow\backend\tests\performance\test_database_performance.py", line 31
E       def system_services(self):
E   IndentationError: unexpected indent</error></testcase><testcase classname="" name="tests.simple_test" time="0.000"><error message="collection failure">tests\simple_test.py:16: in &lt;module&gt;
    from src.services.student_service import StudentService
src\services\student_service.py:29: in &lt;module&gt;
    from ..core.security import AuthService
src\core\security.py:47: in &lt;module&gt;
    class SecurityConfig:
src\core\security.py:52: in SecurityConfig
    "clientId": settings.CLIENT_ID,
                ^^^^^^^^^^^^^^^^^^
C:\Users\ADMIN\AppData\Local\Packages\PythonSoftwareFoundation.Python.3.13_qbz5n2kfra8p0\LocalCache\local-packages\Python313\site-packages\pydantic\main.py:1042: in __getattr__
    raise AttributeError(f'{type(self).__name__!r} object has no attribute {item!r}')
E   AttributeError: 'Settings' object has no attribute 'CLIENT_ID'</error></testcase><testcase classname="" name="tests.test_auth_enhanced" time="0.000"><error message="collection failure">tests\test_auth_enhanced.py:15: in &lt;module&gt;
    from src.core.security import AuthService
src\core\security.py:47: in &lt;module&gt;
    class SecurityConfig:
src\core\security.py:52: in SecurityConfig
    "clientId": settings.CLIENT_ID,
                ^^^^^^^^^^^^^^^^^^
C:\Users\ADMIN\AppData\Local\Packages\PythonSoftwareFoundation.Python.3.13_qbz5n2kfra8p0\LocalCache\local-packages\Python313\site-packages\pydantic\main.py:1042: in __getattr__
    raise AttributeError(f'{type(self).__name__!r} object has no attribute {item!r}')
E   AttributeError: 'Settings' object has no attribute 'CLIENT_ID'</error></testcase><testcase classname="" name="tests.unit.domain.auth.test_auth_services" time="0.000"><error message="collection failure">tests\unit\domain\auth\test_auth_services.py:15: in &lt;module&gt;
    from src.core.security import AuthService
src\core\security.py:47: in &lt;module&gt;
    class SecurityConfig:
src\core\security.py:52: in SecurityConfig
    "clientId": settings.CLIENT_ID,
                ^^^^^^^^^^^^^^^^^^
C:\Users\ADMIN\AppData\Local\Packages\PythonSoftwareFoundation.Python.3.13_qbz5n2kfra8p0\LocalCache\local-packages\Python313\site-packages\pydantic\main.py:1042: in __getattr__
    raise AttributeError(f'{type(self).__name__!r} object has no attribute {item!r}')
E   AttributeError: 'Settings' object has no attribute 'CLIENT_ID'</error></testcase><testcase classname="" name="tests.unit.security.test_auth_service" time="0.000"><error message="collection failure">tests\unit\security\test_auth_service.py:24: in &lt;module&gt;
    from src.core.security import AuthService, TokenData
src\core\security.py:47: in &lt;module&gt;
    class SecurityConfig:
src\core\security.py:52: in SecurityConfig
    "clientId": settings.CLIENT_ID,
                ^^^^^^^^^^^^^^^^^^
C:\Users\ADMIN\AppData\Local\Packages\PythonSoftwareFoundation.Python.3.13_qbz5n2kfra8p0\LocalCache\local-packages\Python313\site-packages\pydantic\main.py:1042: in __getattr__
    raise AttributeError(f'{type(self).__name__!r} object has no attribute {item!r}')
E   AttributeError: 'Settings' object has no attribute 'CLIENT_ID'</error></testcase><testcase classname="" name="tests.unit.test_actual_student_service" time="0.000"><error message="collection failure">tests\unit\test_actual_student_service.py:15: in &lt;module&gt;
    from src.services.student_service import StudentService
src\services\student_service.py:29: in &lt;module&gt;
    from ..core.security import AuthService
src\core\security.py:47: in &lt;module&gt;
    class SecurityConfig:
src\core\security.py:52: in SecurityConfig
    "clientId": settings.CLIENT_ID,
                ^^^^^^^^^^^^^^^^^^
C:\Users\ADMIN\AppData\Local\Packages\PythonSoftwareFoundation.Python.3.13_qbz5n2kfra8p0\LocalCache\local-packages\Python313\site-packages\pydantic\main.py:1042: in __getattr__
    raise AttributeError(f'{type(self).__name__!r} object has no attribute {item!r}')
E   AttributeError: 'Settings' object has no attribute 'CLIENT_ID'</error></testcase><testcase classname="" name="tests.unit.test_all_database_endpoints" time="0.000"><error message="collection failure">tests\unit\test_all_database_endpoints.py:14: in &lt;module&gt;
    from src.main import app
src\main.py:36: in &lt;module&gt;
    from src.core.security import auth_service
src\core\security.py:47: in &lt;module&gt;
    class SecurityConfig:
src\core\security.py:52: in SecurityConfig
    "clientId": settings.CLIENT_ID,
                ^^^^^^^^^^^^^^^^^^
C:\Users\ADMIN\AppData\Local\Packages\PythonSoftwareFoundation.Python.3.13_qbz5n2kfra8p0\LocalCache\local-packages\Python313\site-packages\pydantic\main.py:1042: in __getattr__
    raise AttributeError(f'{type(self).__name__!r} object has no attribute {item!r}')
E   AttributeError: 'Settings' object has no attribute 'CLIENT_ID'</error></testcase><testcase classname="" name="tests.unit.test_api_routes" time="0.000"><error message="collection failure">tests\unit\test_api_routes.py:42: in &lt;module&gt;
    from src.api.v1 import app
src\api\v1\__init__.py:23: in &lt;module&gt;
    from ...core.security import SecurityConfig
src\core\security.py:825: in &lt;module&gt;
    auth_service = AuthService()
                   ^^^^^^^^^^^^^
src\core\security.py:83: in __init__
    self.access_token_expire_minutes = settings.access_token_expire_minutes
                                       ^^^^^^^^^^^^^^^^^^^^^^^^^^^^^^^^^^^^
E   AttributeError: 'MockSettings' object has no attribute 'access_token_expire_minutes'</error></testcase><testcase classname="" name="tests.unit.test_auth" time="0.000"><error message="collection failure">tests\unit\test_auth.py:22: in &lt;module&gt;
    from src.core.security import AuthService, TokenData
src\core\security.py:47: in &lt;module&gt;
    class SecurityConfig:
src\core\security.py:52: in SecurityConfig
    "clientId": settings.CLIENT_ID,
                ^^^^^^^^^^^^^^^^^^
C:\Users\ADMIN\AppData\Local\Packages\PythonSoftwareFoundation.Python.3.13_qbz5n2kfra8p0\LocalCache\local-packages\Python313\site-packages\pydantic\main.py:1042: in __getattr__
    raise AttributeError(f'{type(self).__name__!r} object has no attribute {item!r}')
E   AttributeError: 'Settings' object has no attribute 'CLIENT_ID'</error></testcase><testcase classname="" name="tests.unit.test_course_management" time="0.000"><error message="collection failure">tests\unit\test_course_management.py:16: in &lt;module&gt;
    from src.services.course_service import CourseService
src\services\course_service.py:16: in &lt;module&gt;
    from src.core.security import auth_service
src\core\security.py:47: in &lt;module&gt;
    class SecurityConfig:
src\core\security.py:52: in SecurityConfig
    "clientId": settings.CLIENT_ID,
                ^^^^^^^^^^^^^^^^^^
C:\Users\ADMIN\AppData\Local\Packages\PythonSoftwareFoundation.Python.3.13_qbz5n2kfra8p0\LocalCache\local-packages\Python313\site-packages\pydantic\main.py:1042: in __getattr__
    raise AttributeError(f'{type(self).__name__!r} object has no attribute {item!r}')
E   AttributeError: 'Settings' object has no attribute 'CLIENT_ID'</error></testcase><testcase classname="" name="tests.unit.test_courses_endpoint" time="0.000"><error message="collection failure">tests\unit\test_courses_endpoint.py:12: in &lt;module&gt;
    from src.main import app
src\main.py:36: in &lt;module&gt;
    from src.core.security import auth_service
src\core\security.py:47: in &lt;module&gt;
    class SecurityConfig:
src\core\security.py:52: in SecurityConfig
    "clientId": settings.CLIENT_ID,
                ^^^^^^^^^^^^^^^^^^
C:\Users\ADMIN\AppData\Local\Packages\PythonSoftwareFoundation.Python.3.13_qbz5n2kfra8p0\LocalCache\local-packages\Python313\site-packages\pydantic\main.py:1042: in __getattr__
    raise AttributeError(f'{type(self).__name__!r} object has no attribute {item!r}')
E   AttributeError: 'Settings' object has no attribute 'CLIENT_ID'</error></testcase><testcase classname="" name="tests.unit.test_logging_system" time="0.000"><error message="collection failure">tests\unit\test_logging_system.py:20: in &lt;module&gt;
    from src.core.logging_integration import setup_logging_middleware
src\core\logging_integration.py:12: in &lt;module&gt;
    from .logging_middleware import LoggingMiddleware, SecurityLoggingMiddleware, PerformanceLoggingMiddleware
src\core\logging_middleware.py:12: in &lt;module&gt;
    from src.core.security import auth_service
src\core\security.py:47: in &lt;module&gt;
    class SecurityConfig:
src\core\security.py:52: in SecurityConfig
    "clientId": settings.CLIENT_ID,
                ^^^^^^^^^^^^^^^^^^
C:\Users\ADMIN\AppData\Local\Packages\PythonSoftwareFoundation.Python.3.13_qbz5n2kfra8p0\LocalCache\local-packages\Python313\site-packages\pydantic\main.py:1042: in __getattr__
    raise AttributeError(f'{type(self).__name__!r} object has no attribute {item!r}')
E   AttributeError: 'Settings' object has no attribute 'CLIENT_ID'</error></testcase><testcase classname="" name="tests.unit.test_registration" time="0.000"><error message="collection failure">tests\unit\test_registration.py:9: in &lt;module&gt;
    from src.main import app
src\main.py:36: in &lt;module&gt;
    from src.core.security import auth_service
src\core\security.py:47: in &lt;module&gt;
    class SecurityConfig:
src\core\security.py:52: in SecurityConfig
    "clientId": settings.CLIENT_ID,
                ^^^^^^^^^^^^^^^^^^
C:\Users\ADMIN\AppData\Local\Packages\PythonSoftwareFoundation.Python.3.13_qbz5n2kfra8p0\LocalCache\local-packages\Python313\site-packages\pydantic\main.py:1042: in __getattr__
    raise AttributeError(f'{type(self).__name__!r} object has no attribute {item!r}')
E   AttributeError: 'Settings' object has no attribute 'CLIENT_ID'</error></testcase><testcase classname="" name="tests.unit.test_simple_student_service" time="0.000"><error message="collection failure">tests\unit\test_simple_student_service.py:17: in &lt;module&gt;
    from src.services.student_service import StudentService
src\services\student_service.py:29: in &lt;module&gt;
    from ..core.security import AuthService
src\core\security.py:47: in &lt;module&gt;
    class SecurityConfig:
src\core\security.py:52: in SecurityConfig
    "clientId": settings.CLIENT_ID,
                ^^^^^^^^^^^^^^^^^^
C:\Users\ADMIN\AppData\Local\Packages\PythonSoftwareFoundation.Python.3.13_qbz5n2kfra8p0\LocalCache\local-packages\Python313\site-packages\pydantic\main.py:1042: in __getattr__
    raise AttributeError(f'{type(self).__name__!r} object has no attribute {item!r}')
E   AttributeError: 'Settings' object has no attribute 'CLIENT_ID'</error></testcase><testcase classname="" name="tests.unit.test_student_management" time="0.000"><error message="collection failure">tests\unit\test_student_management.py:25: in &lt;module&gt;
    from src.services.student_service import StudentService
src\services\student_service.py:29: in &lt;module&gt;
    from ..core.security import AuthService
src\core\security.py:47: in &lt;module&gt;
    class SecurityConfig:
src\core\security.py:52: in SecurityConfig
    "clientId": settings.CLIENT_ID,
                ^^^^^^^^^^^^^^^^^^
C:\Users\ADMIN\AppData\Local\Packages\PythonSoftwareFoundation.Python.3.13_qbz5n2kfra8p0\LocalCache\local-packages\Python313\site-packages\pydantic\main.py:1042: in __getattr__
    raise AttributeError(f'{type(self).__name__!r} object has no attribute {item!r}')
E   AttributeError: 'Settings' object has no attribute 'CLIENT_ID'</error></testcase><testcase classname="" name="tests.unit.test_student_service" time="0.000"><error message="collection failure">tests\unit\test_student_service.py:15: in &lt;module&gt;
    from src.services.student_service import StudentService
src\services\student_service.py:29: in &lt;module&gt;
    from ..core.security import AuthService
src\core\security.py:47: in &lt;module&gt;
    class SecurityConfig:
src\core\security.py:52: in SecurityConfig
    "clientId": settings.CLIENT_ID,
                ^^^^^^^^^^^^^^^^^^
C:\Users\ADMIN\AppData\Local\Packages\PythonSoftwareFoundation.Python.3.13_qbz5n2kfra8p0\LocalCache\local-packages\Python313\site-packages\pydantic\main.py:1042: in __getattr__
    raise AttributeError(f'{type(self).__name__!r} object has no attribute {item!r}')
E   AttributeError: 'Settings' object has no attribute 'CLIENT_ID'</error></testcase><testcase classname="" name="tests.unit.test_user_management" time="0.000"><error message="collection failure">tests\unit\test_user_management.py:10: in &lt;module&gt;
    from src.core.security import AuthService
src\core\security.py:47: in &lt;module&gt;
    class SecurityConfig:
src\core\security.py:52: in SecurityConfig
    "clientId": settings.CLIENT_ID,
                ^^^^^^^^^^^^^^^^^^
C:\Users\ADMIN\AppData\Local\Packages\PythonSoftwareFoundation.Python.3.13_qbz5n2kfra8p0\LocalCache\local-packages\Python313\site-packages\pydantic\main.py:1042: in __getattr__
    raise AttributeError(f'{type(self).__name__!r} object has no attribute {item!r}')
E   AttributeError: 'Settings' object has no attribute 'CLIENT_ID'</error></testcase><testcase classname="" name="tests.unit.test_user_service_unit_final" time="0.000"><error message="collection failure">tests\unit\test_user_service_unit_final.py:16: in &lt;module&gt;
    from src.services.user_service import UserService
src\services\user_service.py:23: in &lt;module&gt;
    from ..core.security import AuthService
src\core\security.py:47: in &lt;module&gt;
    class SecurityConfig:
src\core\security.py:52: in SecurityConfig
    "clientId": settings.CLIENT_ID,
                ^^^^^^^^^^^^^^^^^^
C:\Users\ADMIN\AppData\Local\Packages\PythonSoftwareFoundation.Python.3.13_qbz5n2kfra8p0\LocalCache\local-packages\Python313\site-packages\pydantic\main.py:1042: in __getattr__
    raise AttributeError(f'{type(self).__name__!r} object has no attribute {item!r}')
E   AttributeError: 'Settings' object has no attribute 'CLIENT_ID'</error></testcase></testsuite></testsuites>